<?xml version="1.0" encoding="utf-8"?><testsuites><testsuite name="pytest" errors="0" failures="0" skipped="0" tests="1" time="0.053" timestamp="2021-03-01T21:04:36.723147" hostname="C02YK28HJGH5"><testcase classname="tests.path_test" name="test_create_command" time="0.001" /></testsuite></testsuites>